Using pre-set license
Built from '2021.1/release' branch; Version is '2021.1.4f1 (4cd64a618c1b) revision 5035594'; Using compiler version '192528614'; Build Type 'Release'
OS: 'Windows 10 Enterprise LTSC 2019; OS build 17763.2237; Version 1809; 64bit' Language: 'ru' Physical Memory: 16324 MB
BatchMode: 1, IsHumanControllingUs: 0, StartBugReporterOnCrash: 0, Is64bit: 1, IsPro: 0

 COMMAND LINE ARGUMENTS:
E:\Program Files (x86)\Unity\2021.1.4f1\Editor\Unity.exe
-adb2
-batchMode
-noUpm
-name
AssetImportWorker0
-projectPath
G:/GitRepos/SwampAttack
-logFile
Logs/AssetImportWorker0.log
-srvPort
51048
Successfully changed project path to: G:/GitRepos/SwampAttack
G:/GitRepos/SwampAttack
Using Asset Import Pipeline V2.
Refreshing native plugins compatible for Editor in 77.99 ms, found 2 plugins.
Preloading 0 native plugins for Editor in 0.00 ms.
Initialize engine version: 2021.1.4f1 (4cd64a618c1b)
[Subsystems] Discovering subsystems at path E:/Program Files (x86)/Unity/2021.1.4f1/Editor/Data/Resources/UnitySubsystems
[Subsystems] Discovering subsystems at path G:/GitRepos/SwampAttack/Assets
GfxDevice: creating device client; threaded=0; jobified=0
Direct3D:
    Version:  Direct3D 11.0 [level 11.1]
    Renderer: NVIDIA GeForce GTX 1070 (ID=0x1b81)
    Vendor:   NVIDIA
    VRAM:     8088 MB
    Driver:   30.0.14.7196
Initialize mono
Mono path[0] = 'E:/Program Files (x86)/Unity/2021.1.4f1/Editor/Data/Managed'
Mono path[1] = 'E:/Program Files (x86)/Unity/2021.1.4f1/Editor/Data/MonoBleedingEdge/lib/mono/unityjit'
Mono config path = 'E:/Program Files (x86)/Unity/2021.1.4f1/Editor/Data/MonoBleedingEdge/etc'
Using monoOptions --debugger-agent=transport=dt_socket,embedding=1,server=y,suspend=n,address=127.0.0.1:56588
Begin MonoManager ReloadAssembly
Registering precompiled unity dll's ...
Register platform support module: E:/Program Files (x86)/Unity/2021.1.4f1/Editor/Data/PlaybackEngines/WindowsStandaloneSupport/UnityEditor.WindowsStandalone.Extensions.dll
Registered in 0.000911 seconds.
Native extension for WindowsStandalone target not found
Refreshing native plugins compatible for Editor in 87.33 ms, found 2 plugins.
Preloading 0 native plugins for Editor in 0.00 ms.
Mono: successfully reloaded assembly
- Completed reload, in  2.056 seconds
Platform modules already initialized, skipping
Registering precompiled user dll's ...
Registered in 0.002383 seconds.
Begin MonoManager ReloadAssembly
Native extension for WindowsStandalone target not found
Refreshing native plugins compatible for Editor in 83.88 ms, found 2 plugins.
Preloading 0 native plugins for Editor in 0.00 ms.
Mono: successfully reloaded assembly
- Completed reload, in  1.168 seconds
Platform modules already initialized, skipping
========================================================================
Worker process is ready to serve import requests
Launched and connected shader compiler UnityShaderCompiler.exe after 0.04 seconds
Refreshing native plugins compatible for Editor in 0.64 ms, found 2 plugins.
Preloading 0 native plugins for Editor in 0.00 ms.
Unloading 3406 Unused Serialized files (Serialized files now loaded: 0)
System memory in use before: 130.5 MB.
System memory in use after: 130.8 MB.

Unloading 24 unused Assets to reduce memory usage. Loaded Objects now: 3865.
Total: 2.829400 ms (FindLiveObjects: 0.307200 ms CreateObjectMapping: 0.262900 ms MarkObjects: 2.192400 ms  DeleteObjects: 0.065900 ms)

========================================================================
Received Import Request.
  path: Assets/Prefab/Weapons/Shotgun.prefab
  artifactKey: Guid(8d97593702284e14cbb52b2cda6d5e3e) Importer(815301076,1909f56bfc062723c751e8b465ee728b)
Start importing Assets/Prefab/Weapons/Shotgun.prefab using Guid(8d97593702284e14cbb52b2cda6d5e3e) Importer(815301076,1909f56bfc062723c751e8b465ee728b)  -> (artifact id: 'f63cc896d46b03ab170d703b5a6e2fe4') in 0.058873 seconds 
========================================================================
Received Import Request.
  Time since last request: 0.000191 seconds.
  path: Assets/Prefab/Weapons/Pistol.prefab
  artifactKey: Guid(8e51576c59da8524ca874c0cd14efda1) Importer(815301076,1909f56bfc062723c751e8b465ee728b)
Start importing Assets/Prefab/Weapons/Pistol.prefab using Guid(8e51576c59da8524ca874c0cd14efda1) Importer(815301076,1909f56bfc062723c751e8b465ee728b)  -> (artifact id: 'f183921569e6e11ceae44fa9bdf77184') in 0.006805 seconds 
========================================================================
Received Prepare
Registering precompiled user dll's ...
Registered in 0.002367 seconds.
Begin MonoManager ReloadAssembly
Native extension for WindowsStandalone target not found
Refreshing native plugins compatible for Editor in 0.59 ms, found 2 plugins.
Preloading 0 native plugins for Editor in 0.00 ms.
Mono: successfully reloaded assembly
- Completed reload, in  0.979 seconds
Platform modules already initialized, skipping
Refreshing native plugins compatible for Editor in 0.59 ms, found 2 plugins.
Preloading 0 native plugins for Editor in 0.00 ms.
Unloading 3383 Unused Serialized files (Serialized files now loaded: 0)
System memory in use before: 128.8 MB.
System memory in use after: 129.0 MB.

Unloading 12 unused Assets to reduce memory usage. Loaded Objects now: 3869.
Total: 2.812200 ms (FindLiveObjects: 0.298200 ms CreateObjectMapping: 0.268200 ms MarkObjects: 2.225900 ms  DeleteObjects: 0.019000 ms)

========================================================================
Received Prepare
Registering precompiled user dll's ...
Registered in 0.002430 seconds.
Begin MonoManager ReloadAssembly
Native extension for WindowsStandalone target not found
Refreshing native plugins compatible for Editor in 0.56 ms, found 2 plugins.
Preloading 0 native plugins for Editor in 0.00 ms.
Mono: successfully reloaded assembly
- Completed reload, in  0.939 seconds
Platform modules already initialized, skipping
Refreshing native plugins compatible for Editor in 0.59 ms, found 2 plugins.
Preloading 0 native plugins for Editor in 0.00 ms.
Unloading 3383 Unused Serialized files (Serialized files now loaded: 0)
System memory in use before: 128.8 MB.
System memory in use after: 129.1 MB.

Unloading 12 unused Assets to reduce memory usage. Loaded Objects now: 3873.
Total: 2.148000 ms (FindLiveObjects: 0.228700 ms CreateObjectMapping: 0.133100 ms MarkObjects: 1.769100 ms  DeleteObjects: 0.016400 ms)

========================================================================
Received Import Request.
  Time since last request: 137.141864 seconds.
  path: Assets/Prefab/Weapons/Shotgun.prefab
  artifactKey: Guid(8d97593702284e14cbb52b2cda6d5e3e) Importer(815301076,1909f56bfc062723c751e8b465ee728b)
Start importing Assets/Prefab/Weapons/Shotgun.prefab using Guid(8d97593702284e14cbb52b2cda6d5e3e) Importer(815301076,1909f56bfc062723c751e8b465ee728b)  -> (artifact id: '240f1eb07c553d7a1750f6a13c5d4ff5') in 0.032162 seconds 
========================================================================
Received Prepare
Registering precompiled user dll's ...
Registered in 0.002327 seconds.
Begin MonoManager ReloadAssembly
Native extension for WindowsStandalone target not found
Refreshing native plugins compatible for Editor in 0.59 ms, found 2 plugins.
Preloading 0 native plugins for Editor in 0.00 ms.
Mono: successfully reloaded assembly
- Completed reload, in  0.948 seconds
Platform modules already initialized, skipping
Refreshing native plugins compatible for Editor in 0.58 ms, found 2 plugins.
Preloading 0 native plugins for Editor in 0.00 ms.
Unloading 3383 Unused Serialized files (Serialized files now loaded: 0)
System memory in use before: 128.9 MB.
System memory in use after: 129.1 MB.

Unloading 12 unused Assets to reduce memory usage. Loaded Objects now: 3877.
Total: 2.524300 ms (FindLiveObjects: 0.277100 ms CreateObjectMapping: 0.247200 ms MarkObjects: 1.982200 ms  DeleteObjects: 0.017100 ms)

========================================================================
Received Prepare
Registering precompiled user dll's ...
Registered in 0.002488 seconds.
Begin MonoManager ReloadAssembly
Native extension for WindowsStandalone target not found
Refreshing native plugins compatible for Editor in 1.10 ms, found 2 plugins.
Preloading 0 native plugins for Editor in 0.00 ms.
Mono: successfully reloaded assembly
- Completed reload, in  1.018 seconds
Platform modules already initialized, skipping
Refreshing native plugins compatible for Editor in 0.66 ms, found 2 plugins.
Preloading 0 native plugins for Editor in 0.00 ms.
Unloading 3383 Unused Serialized files (Serialized files now loaded: 0)
System memory in use before: 128.9 MB.
System memory in use after: 129.1 MB.

Unloading 12 unused Assets to reduce memory usage. Loaded Objects now: 3881.
Total: 2.434100 ms (FindLiveObjects: 0.304200 ms CreateObjectMapping: 0.260100 ms MarkObjects: 1.851400 ms  DeleteObjects: 0.017800 ms)

AssetImportWorkerClient::OnTransportError - code=2 error=End of file
